<?xml version="1.0" encoding="UTF-8"?>
<!-- Generated by org.testng.reporters.JUnitXMLReporter -->
<testsuite ignored="3" hostname="DESKTOP-M5EEGCH" failures="0" tests="1" name="Default test" time="11.234" errors="0" timestamp="2025-03-12T10:43:23 IST">
  <testcase classname="testCases.LoginPageTest" name="LoginToAppliction" time="2.066"/>
  <testcase classname="testCases.LoginPageTest" name="LoginToApplicationWithMultiCredsTest" time="0.0">
    <ignored/>
  </testcase> <!-- LoginToApplicationWithMultiCredsTest -->
  <testcase classname="testCases.LoginPageTest" name="VerifyURLOfApplicationTest" time="0.0">
    <ignored/>
  </testcase> <!-- VerifyURLOfApplicationTest -->
  <testcase classname="testCases.LoginPageTest" name="VerifyTitleOfApplicationTest" time="0.0">
    <ignored/>
  </testcase> <!-- VerifyTitleOfApplicationTest -->
</testsuite> <!-- Default test -->
