<?xml version="1.0" encoding="UTF-8"?>
<testng-results ignored="3" total="4" passed="1" failed="0" skipped="0">
  <reporter-output>
    <line>
      <![CDATA[Login Successful =https://www.saucedemo.com/inventory.html]]>
    </line>
  </reporter-output>
  <suite started-at="2025-03-12T10:43:12 IST" name="Default suite" finished-at="2025-03-12T10:43:23 IST" duration-ms="11234">
    <groups>
    </groups>
    <test started-at="2025-03-12T10:43:12 IST" name="Default test" finished-at="2025-03-12T10:43:23 IST" duration-ms="11234">
      <class name="testCases.LoginPageTest">
        <test-method is-config="true" signature="setUp()[pri:0, instance:testCases.LoginPageTest@2a3888c1]" started-at="2025-03-12T10:43:12 IST" name="setUp" finished-at="2025-03-12T10:43:20 IST" duration-ms="7833" status="PASS">
          <reporter-output>
          </reporter-output>
        </test-method> <!-- setUp -->
        <test-method signature="LoginToAppliction()[pri:0, instance:testCases.LoginPageTest@2a3888c1]" started-at="2025-03-12T10:43:20 IST" name="LoginToAppliction" finished-at="2025-03-12T10:43:22 IST" duration-ms="2066" status="PASS">
          <reporter-output>
            <line>
              <![CDATA[Login Successful =https://www.saucedemo.com/inventory.html]]>
            </line>
          </reporter-output>
        </test-method> <!-- LoginToAppliction -->
        <test-method is-config="true" signature="CloseBrowser(org.testng.ITestResult)[pri:0, instance:testCases.LoginPageTest@2a3888c1]" started-at="2025-03-12T10:43:22 IST" name="CloseBrowser" finished-at="2025-03-12T10:43:23 IST" duration-ms="1265" status="PASS">
          <params>
            <param index="0">
              <value>
                <![CDATA[[TestResult name=LoginToAppliction status=SUCCESS method=LoginPageTest.LoginToAppliction()[pri:0, instance:testCases.LoginPageTest@2a3888c1] output=Login Successful =https://www.saucedemo.com/inventory.html]]]>
              </value>
            </param>
          </params>
          <reporter-output>
          </reporter-output>
        </test-method> <!-- CloseBrowser -->
      </class> <!-- testCases.LoginPageTest -->
    </test> <!-- Default test -->
  </suite> <!-- Default suite -->
</testng-results>
