<?xml version="1.0" encoding="UTF-8"?>
<!-- Generated by org.testng.reporters.JUnitXMLReporter -->
<testsuite ignored="7" hostname="DESKTOP-M5EEGCH" failures="0" tests="6" name="Groups_Test" time="61.13" errors="0" timestamp="2025-03-11T19:41:17 IST">
  <testcase classname="testCases.InventorypageTest" name="VerifyLinkedInLogoTest" time="0.272"/>
  <testcase classname="testCases.InventorypageTest" name="VerifyTwitterLogoTest" time="0.293"/>
  <testcase classname="testCases.CheckOutStep_OnePageTest" name="informationTest" time="0.584"/>
  <testcase classname="testCases.CartPageTest" name="SwagLabsTitleTest" time="0.033"/>
  <testcase classname="testCases.LoginPageTest" name="LoginToAppliction" time="2.414"/>
  <testcase classname="testCases.LoginPageTest" name="VerifyURLOfApplicationTest" time="1.308"/>
  <testcase classname="testCases.InventorypageTest" name="add6ProductTest" time="0.0">
    <ignored/>
  </testcase> <!-- add6ProductTest -->
  <testcase classname="testCases.InventorypageTest" name="remove2productTest" time="0.0">
    <ignored/>
  </testcase> <!-- remove2productTest -->
  <testcase classname="testCases.CartPageTest" name="CartPageTitleTest" time="0.0">
    <ignored/>
  </testcase> <!-- CartPageTitleTest -->
  <testcase classname="testCases.InventorypageTest" name="VerifyFbLogoTest" time="0.0">
    <ignored/>
  </testcase> <!-- VerifyFbLogoTest -->
  <testcase classname="testCases.LoginPageTest" name="LoginToApplicationWithMultiCredsTest" time="0.0">
    <ignored/>
  </testcase> <!-- LoginToApplicationWithMultiCredsTest -->
  <testcase classname="testCases.LoginPageTest" name="VerifyTitleOfApplicationTest" time="0.0">
    <ignored/>
  </testcase> <!-- VerifyTitleOfApplicationTest -->
  <testcase classname="testCases.InventorypageTest" name="VerifyFooterTest" time="0.0">
    <ignored/>
  </testcase> <!-- VerifyFooterTest -->
</testsuite> <!-- Groups_Test -->
