<?xml version="1.0" encoding="UTF-8"?>
<!-- Generated by org.testng.reporters.JUnitXMLReporter -->
<testsuite ignored="0" hostname="DESKTOP-M5EEGCH" failures="0" tests="9" name="-Login_InventroyTest" time="84.487" errors="0" timestamp="2025-03-11T12:40:43 IST">
  <testcase classname="testCases.InventorypageTest" name="VerifyFbLogoTest" time="0.255"/>
  <testcase classname="testCases.InventorypageTest" name="VerifyFooterTest" time="0.034"/>
  <testcase classname="testCases.InventorypageTest" name="VerifyLinkedInLogoTest" time="0.124"/>
  <testcase classname="testCases.InventorypageTest" name="VerifyTwitterLogoTest" time="0.184"/>
  <testcase classname="testCases.InventorypageTest" name="add6ProductTest" time="0.997"/>
  <testcase classname="testCases.InventorypageTest" name="remove2productTest" time="9.017"/>
  <testcase classname="testCases.LoginPageTest" name="LoginToAppliction" time="2.392"/>
  <testcase classname="testCases.LoginPageTest" name="VerifyTitleOfApplicationTest" time="0.073"/>
  <testcase classname="testCases.LoginPageTest" name="VerifyURLOfApplicationTest" time="0.112"/>
</testsuite> <!-- -Login_InventroyTest -->
